<?xml version="1.0" encoding="UTF-8"?>
<coverage generated="1532447343498" clover="3.2.0">
  <project timestamp="1532447343498" name="All files">
    <metrics statements="73" coveredstatements="51" conditionals="23" coveredconditionals="18" methods="24" coveredmethods="20" elements="120" coveredelements="89" complexity="0" loc="73" ncloc="73" packages="5" files="8" classes="8">
      <package name="src">
        <metrics statements="6" coveredstatements="1" conditionals="4" coveredconditionals="0" methods="1" coveredmethods="0"/>
        <file name="index.js" path="C:\Users\swatkins\Documents\projects\rhv210x\src\index.js">
          <metrics statements="5" coveredstatements="0" conditionals="4" coveredconditionals="0" methods="1" coveredmethods="0"/>
          <line num="1" count="0" type="stmt"/>
          <line num="2" count="0" type="stmt"/>
          <line num="3" count="0" type="stmt"/>
          <line num="4" count="0" type="cond" truecount="0" falsecount="4"/>
          <line num="6" count="0" type="stmt"/>
        </file>
        <file name="setupTests.js" path="C:\Users\swatkins\Documents\projects\rhv210x\src\setupTests.js">
          <metrics statements="1" coveredstatements="1" conditionals="0" coveredconditionals="0" methods="0" coveredmethods="0"/>
          <line num="4" count="6" type="stmt"/>
        </file>
      </package>
      <package name="src.actions">
        <metrics statements="14" coveredstatements="9" conditionals="0" coveredconditionals="0" methods="5" coveredmethods="4"/>
        <file name="actions-list.js" path="C:\Users\swatkins\Documents\projects\rhv210x\src\actions\actions-list.js">
          <metrics statements="4" coveredstatements="4" conditionals="0" coveredconditionals="0" methods="0" coveredmethods="0"/>
          <line num="1" count="3" type="stmt"/>
          <line num="2" count="3" type="stmt"/>
          <line num="3" count="3" type="stmt"/>
          <line num="4" count="3" type="stmt"/>
        </file>
        <file name="humor.js" path="C:\Users\swatkins\Documents\projects\rhv210x\src\actions\humor.js">
          <metrics statements="10" coveredstatements="5" conditionals="0" coveredconditionals="0" methods="5" coveredmethods="4"/>
          <line num="5" count="2" type="stmt"/>
          <line num="7" count="0" type="stmt"/>
          <line num="8" count="0" type="stmt"/>
          <line num="9" count="0" type="stmt"/>
          <line num="11" count="0" type="stmt"/>
          <line num="12" count="0" type="stmt"/>
          <line num="16" count="2" type="stmt"/>
          <line num="17" count="2" type="stmt"/>
          <line num="18" count="2" type="stmt"/>
          <line num="19" count="2" type="stmt"/>
        </file>
      </package>
      <package name="src.components.App">
        <metrics statements="1" coveredstatements="1" conditionals="0" coveredconditionals="0" methods="1" coveredmethods="1"/>
        <file name="App.js" path="C:\Users\swatkins\Documents\projects\rhv210x\src\components\App\App.js">
          <metrics statements="1" coveredstatements="1" conditionals="0" coveredconditionals="0" methods="1" coveredmethods="1"/>
          <line num="9" count="1" type="stmt"/>
        </file>
      </package>
      <package name="src.reducers">
        <metrics statements="20" coveredstatements="20" conditionals="4" coveredconditionals="3" methods="5" coveredmethods="5"/>
        <file name="humor.js" path="C:\Users\swatkins\Documents\projects\rhv210x\src\reducers\humor.js">
          <metrics statements="20" coveredstatements="20" conditionals="4" coveredconditionals="3" methods="5" coveredmethods="5"/>
          <line num="3" count="1" type="stmt"/>
          <line num="13" count="1" type="cond" truecount="0" falsecount="1"/>
          <line num="15" count="1" type="stmt"/>
          <line num="16" count="1" type="stmt"/>
          <line num="17" count="1" type="stmt"/>
          <line num="18" count="1" type="stmt"/>
          <line num="20" count="1" type="stmt"/>
          <line num="24" count="1" type="stmt"/>
          <line num="26" count="1" type="stmt"/>
          <line num="28" count="1" type="stmt"/>
          <line num="29" count="1" type="stmt"/>
          <line num="31" count="1" type="stmt"/>
          <line num="35" count="1" type="stmt"/>
          <line num="37" count="1" type="stmt"/>
          <line num="38" count="1" type="stmt"/>
          <line num="40" count="1" type="stmt"/>
          <line num="44" count="1" type="cond" truecount="1" falsecount="0"/>
          <line num="46" count="5" type="stmt"/>
          <line num="55" count="5" type="stmt"/>
          <line num="56" count="5" type="cond" truecount="2" falsecount="0"/>
        </file>
      </package>
      <package name="src.utils">
        <metrics statements="32" coveredstatements="20" conditionals="15" coveredconditionals="15" methods="12" coveredmethods="10"/>
        <file name="fetchProgrammerHumor.js" path="C:\Users\swatkins\Documents\projects\rhv210x\src\utils\fetchProgrammerHumor.js">
          <metrics statements="7" coveredstatements="7" conditionals="0" coveredconditionals="0" methods="1" coveredmethods="1"/>
          <line num="3" count="4" type="stmt"/>
          <line num="5" count="4" type="stmt"/>
          <line num="7" count="3" type="stmt"/>
          <line num="9" count="3" type="stmt"/>
          <line num="10" count="2" type="stmt"/>
          <line num="12" count="2" type="stmt"/>
          <line num="16" count="1" type="stmt"/>
        </file>
        <file name="parseUtils.js" path="C:\Users\swatkins\Documents\projects\rhv210x\src\utils\parseUtils.js">
          <metrics statements="25" coveredstatements="13" conditionals="15" coveredconditionals="15" methods="11" coveredmethods="9"/>
          <line num="2" count="4" type="stmt"/>
          <line num="4" count="4" type="stmt"/>
          <line num="6" count="104" type="stmt"/>
          <line num="7" count="104" type="cond" truecount="4" falsecount="0"/>
          <line num="8" count="104" type="stmt"/>
          <line num="12" count="102" type="cond" truecount="2" falsecount="0"/>
          <line num="13" count="106" type="cond" truecount="2" falsecount="0"/>
          <line num="14" count="5" type="stmt"/>
          <line num="15" count="5" type="stmt"/>
          <line num="16" count="13" type="cond" truecount="5" falsecount="0"/>
          <line num="17" count="6" type="cond" truecount="2" falsecount="0"/>
          <line num="19" count="4" type="stmt"/>
          <line num="21" count="4" type="stmt"/>
          <line num="23" count="0" type="stmt"/>
          <line num="24" count="0" type="stmt"/>
          <line num="25" count="0" type="stmt"/>
          <line num="26" count="0" type="stmt"/>
          <line num="28" count="0" type="stmt"/>
          <line num="30" count="0" type="stmt"/>
          <line num="31" count="0" type="stmt"/>
          <line num="33" count="0" type="stmt"/>
          <line num="34" count="0" type="stmt"/>
          <line num="35" count="0" type="stmt"/>
          <line num="36" count="0" type="stmt"/>
          <line num="40" count="0" type="stmt"/>
        </file>
      </package>
    </metrics>
  </project>
</coverage>
