{"C:\\Users\\pcheema\\Desktop\\Aquent_Projects\\Reddit-Humor-v2\\src\\index.js": {"path":"C:\\Users\\pcheema\\Desktop\\Aquent_Projects\\Reddit-Humor-v2\\src\\index.js","statementMap":{"0":{"start":{"line":1,"column":0},"end":{"line":null,"column":-1}},"1":{"start":{"line":2,"column":0},"end":{"line":null,"column":-1}},"2":{"start":{"line":3,"column":0},"end":{"line":null,"column":-1}},"3":{"start":{"line":4,"column":0},"end":{"line":null,"column":-1}},"4":{"start":{"line":5,"column":0},"end":{"line":null,"column":-1}},"5":{"start":{"line":6,"column":0},"end":{"line":null,"column":-1}},"6":{"start":{"line":7,"column":0},"end":{"line":null,"column":-1}},"7":{"start":{"line":8,"column":0},"end":{"line":null,"column":-1}},"8":{"start":{"line":9,"column":0},"end":{"line":null,"column":-1}},"9":{"start":{"line":11,"column":14},"end":{"line":11,"column":0}},"10":{"start":{"line":15,"column":87},"end":{"line":13,"column":2}},"11":{"start":{"line":20,"column":0},"end":{"line":null,"column":-1}}},"fnMap":{"0":{"name":"(anonymous_0)","decl":{"start":{"line":15,"column":82},"end":{"line":15,"column":83}},"loc":{"start":{"line":15,"column":87},"end":{"line":13,"column":2}}}},"branchMap":{"0":{"loc":{"start":{"line":15,"column":42},"end":{"line":15,"column":4}},"type":"cond-expr","locations":[{"start":{"line":15,"column":42},"end":{"line":15,"column":4}},{"start":{"line":15,"column":82},"end":{"line":13,"column":2}}]}},"s":{"0":0,"1":0,"2":0,"3":0,"4":0,"5":0,"6":0,"7":0,"8":0,"9":0,"10":0,"11":0},"f":{"0":0},"b":{"0":[0,0]}}
,"C:\\Users\\pcheema\\Desktop\\Aquent_Projects\\Reddit-Humor-v2\\src\\setupTests.js": {"path":"C:\\Users\\pcheema\\Desktop\\Aquent_Projects\\Reddit-Humor-v2\\src\\setupTests.js","statementMap":{"0":{"start":{"line":4,"column":0},"end":{"line":4,"column":45}}},"fnMap":{},"branchMap":{},"s":{"0":12},"f":{},"b":{},"_coverageSchema":"332fd63041d2c1bcb487cc26dd0d5f7d97098a6c","hash":"83d0430476e922f6f03673d9f94c9aee6c0c6b83"}
,"C:\\Users\\pcheema\\Desktop\\Aquent_Projects\\Reddit-Humor-v2\\src\\actions\\actions-list.js": {"path":"C:\\Users\\pcheema\\Desktop\\Aquent_Projects\\Reddit-Humor-v2\\src\\actions\\actions-list.js","statementMap":{"0":{"start":{"line":1,"column":26},"end":{"line":1,"column":38}},"1":{"start":{"line":2,"column":33},"end":{"line":2,"column":52}},"2":{"start":{"line":3,"column":30},"end":{"line":3,"column":46}},"3":{"start":{"line":4,"column":24},"end":{"line":4,"column":34}}},"fnMap":{},"branchMap":{},"s":{"0":7,"1":7,"2":7,"3":7},"f":{},"b":{},"_coverageSchema":"332fd63041d2c1bcb487cc26dd0d5f7d97098a6c","hash":"4023a91f8f6a1941fa7b9a260f4c74d555be389a"}
,"C:\\Users\\pcheema\\Desktop\\Aquent_Projects\\Reddit-Humor-v2\\src\\actions\\humor.js": {"path":"C:\\Users\\pcheema\\Desktop\\Aquent_Projects\\Reddit-Humor-v2\\src\\actions\\humor.js","statementMap":{"0":{"start":{"line":5,"column":24},"end":{"line":13,"column":1}},"1":{"start":{"line":5,"column":30},"end":{"line":13,"column":1}},"2":{"start":{"line":7,"column":21},"end":{"line":7,"column":49}},"3":{"start":{"line":8,"column":18},"end":{"line":8,"column":36}},"4":{"start":{"line":9,"column":21},"end":{"line":9,"column":43}},"5":{"start":{"line":10,"column":19},"end":{"line":10,"column":38}},"6":{"start":{"line":11,"column":4},"end":{"line":11,"column":20}},"7":{"start":{"line":15,"column":25},"end":{"line":15,"column":75}},"8":{"start":{"line":15,"column":40},"end":{"line":15,"column":74}},"9":{"start":{"line":16,"column":31},"end":{"line":16,"column":74}},"10":{"start":{"line":16,"column":39},"end":{"line":16,"column":73}},"11":{"start":{"line":17,"column":29},"end":{"line":17,"column":71}},"12":{"start":{"line":17,"column":38},"end":{"line":17,"column":70}},"13":{"start":{"line":18,"column":23},"end":{"line":18,"column":59}},"14":{"start":{"line":18,"column":32},"end":{"line":18,"column":58}}},"fnMap":{"0":{"name":"(anonymous_0)","decl":{"start":{"line":5,"column":24},"end":{"line":5,"column":25}},"loc":{"start":{"line":5,"column":30},"end":{"line":13,"column":1}},"line":5},"1":{"name":"(anonymous_1)","decl":{"start":{"line":5,"column":30},"end":{"line":5,"column":31}},"loc":{"start":{"line":5,"column":50},"end":{"line":13,"column":1}},"line":5},"2":{"name":"(anonymous_2)","decl":{"start":{"line":15,"column":25},"end":{"line":15,"column":26}},"loc":{"start":{"line":15,"column":40},"end":{"line":15,"column":74}},"line":15},"3":{"name":"(anonymous_3)","decl":{"start":{"line":16,"column":31},"end":{"line":16,"column":32}},"loc":{"start":{"line":16,"column":39},"end":{"line":16,"column":73}},"line":16},"4":{"name":"(anonymous_4)","decl":{"start":{"line":17,"column":29},"end":{"line":17,"column":30}},"loc":{"start":{"line":17,"column":38},"end":{"line":17,"column":70}},"line":17},"5":{"name":"(anonymous_5)","decl":{"start":{"line":18,"column":23},"end":{"line":18,"column":24}},"loc":{"start":{"line":18,"column":32},"end":{"line":18,"column":58}},"line":18}},"branchMap":{},"s":{"0":6,"1":1,"2":1,"3":1,"4":1,"5":1,"6":1,"7":6,"8":5,"9":6,"10":2,"11":6,"12":2,"13":6,"14":2},"f":{"0":1,"1":1,"2":5,"3":2,"4":2,"5":2},"b":{},"_coverageSchema":"332fd63041d2c1bcb487cc26dd0d5f7d97098a6c","hash":"84878d68d6936b2695b8068356c5c8afdf2da96b"}
,"C:\\Users\\pcheema\\Desktop\\Aquent_Projects\\Reddit-Humor-v2\\src\\components\\App\\App.js": {"path":"C:\\Users\\pcheema\\Desktop\\Aquent_Projects\\Reddit-Humor-v2\\src\\components\\App\\App.js","statementMap":{"0":{"start":{"line":9,"column":3},"end":{"line":13,"column":5}}},"fnMap":{"0":{"name":"(anonymous_0)","decl":{"start":{"line":8,"column":1},"end":{"line":8,"column":2}},"loc":{"start":{"line":8,"column":10},"end":{"line":14,"column":2}},"line":8}},"branchMap":{},"s":{"0":2},"f":{"0":2},"b":{},"_coverageSchema":"332fd63041d2c1bcb487cc26dd0d5f7d97098a6c","hash":"7df1af0e784d26b948a8363f919f6995cfc256c3"}
,"C:\\Users\\pcheema\\Desktop\\Aquent_Projects\\Reddit-Humor-v2\\src\\components\\Buttons\\buttons.js": {"path":"C:\\Users\\pcheema\\Desktop\\Aquent_Projects\\Reddit-Humor-v2\\src\\components\\Buttons\\buttons.js","statementMap":{"0":{"start":{"line":8,"column":16},"end":{"line":49,"column":1}},"1":{"start":{"line":9,"column":13},"end":{"line":9,"column":42}},"2":{"start":{"line":10,"column":2},"end":{"line":10,"column":23}},"3":{"start":{"line":11,"column":2},"end":{"line":48,"column":3}},"4":{"start":{"line":16,"column":23},"end":{"line":16,"column":49}},"5":{"start":{"line":22,"column":10},"end":{"line":22,"column":36}},"6":{"start":{"line":23,"column":10},"end":{"line":25,"column":11}},"7":{"start":{"line":31,"column":10},"end":{"line":31,"column":91}},"8":{"start":{"line":37,"column":10},"end":{"line":39,"column":11}},"9":{"start":{"line":44,"column":23},"end":{"line":44,"column":47}},"10":{"start":{"line":51,"column":0},"end":{"line":57,"column":1}},"11":{"start":{"line":56,"column":17},"end":{"line":56,"column":59}},"12":{"start":{"line":59,"column":0},"end":{"line":65,"column":1}}},"fnMap":{"0":{"name":"(anonymous_0)","decl":{"start":{"line":8,"column":16},"end":{"line":8,"column":17}},"loc":{"start":{"line":8,"column":25},"end":{"line":49,"column":1}},"line":8},"1":{"name":"(anonymous_1)","decl":{"start":{"line":16,"column":17},"end":{"line":16,"column":18}},"loc":{"start":{"line":16,"column":23},"end":{"line":16,"column":49}},"line":16},"2":{"name":"(anonymous_2)","decl":{"start":{"line":21,"column":17},"end":{"line":21,"column":18}},"loc":{"start":{"line":21,"column":23},"end":{"line":25,"column":12}},"line":21},"3":{"name":"(anonymous_3)","decl":{"start":{"line":30,"column":17},"end":{"line":30,"column":18}},"loc":{"start":{"line":31,"column":10},"end":{"line":31,"column":91}},"line":31},"4":{"name":"(anonymous_4)","decl":{"start":{"line":36,"column":17},"end":{"line":36,"column":18}},"loc":{"start":{"line":37,"column":10},"end":{"line":39,"column":11}},"line":37},"5":{"name":"(anonymous_5)","decl":{"start":{"line":44,"column":17},"end":{"line":44,"column":18}},"loc":{"start":{"line":44,"column":23},"end":{"line":44,"column":47}},"line":44},"6":{"name":"(anonymous_6)","decl":{"start":{"line":52,"column":8},"end":{"line":52,"column":9}},"loc":{"start":{"line":52,"column":14},"end":{"line":52,"column":16}},"line":52},"7":{"name":"(anonymous_7)","decl":{"start":{"line":53,"column":12},"end":{"line":53,"column":13}},"loc":{"start":{"line":53,"column":18},"end":{"line":53,"column":20}},"line":53},"8":{"name":"(anonymous_8)","decl":{"start":{"line":54,"column":8},"end":{"line":54,"column":9}},"loc":{"start":{"line":54,"column":14},"end":{"line":54,"column":16}},"line":54},"9":{"name":"(anonymous_9)","decl":{"start":{"line":55,"column":8},"end":{"line":55,"column":9}},"loc":{"start":{"line":55,"column":14},"end":{"line":55,"column":16}},"line":55},"10":{"name":"(anonymous_10)","decl":{"start":{"line":56,"column":9},"end":{"line":56,"column":10}},"loc":{"start":{"line":56,"column":17},"end":{"line":56,"column":59}},"line":56}},"branchMap":{"0":{"loc":{"start":{"line":9,"column":13},"end":{"line":9,"column":42}},"type":"binary-expr","locations":[{"start":{"line":9,"column":13},"end":{"line":9,"column":24}},{"start":{"line":9,"column":28},"end":{"line":9,"column":42}}],"line":9},"1":{"loc":{"start":{"line":24,"column":12},"end":{"line":24,"column":77}},"type":"cond-expr","locations":[{"start":{"line":24,"column":56},"end":{"line":24,"column":57}},{"start":{"line":24,"column":60},"end":{"line":24,"column":77}}],"line":24},"2":{"loc":{"start":{"line":31,"column":25},"end":{"line":31,"column":90}},"type":"cond-expr","locations":[{"start":{"line":31,"column":47},"end":{"line":31,"column":70}},{"start":{"line":31,"column":73},"end":{"line":31,"column":90}}],"line":31},"3":{"loc":{"start":{"line":38,"column":12},"end":{"line":38,"column":77}},"type":"cond-expr","locations":[{"start":{"line":38,"column":56},"end":{"line":38,"column":57}},{"start":{"line":38,"column":60},"end":{"line":38,"column":77}}],"line":38}},"s":{"0":4,"1":6,"2":6,"3":6,"4":1,"5":1,"6":1,"7":1,"8":1,"9":1,"10":4,"11":0,"12":4},"f":{"0":6,"1":1,"2":1,"3":1,"4":1,"5":1,"6":0,"7":0,"8":0,"9":0,"10":0},"b":{"0":[6,6],"1":[0,1],"2":[1,0],"3":[0,1]},"_coverageSchema":"332fd63041d2c1bcb487cc26dd0d5f7d97098a6c","hash":"67e614be8a6881f61344c05e066765a489f91b22"}
,"C:\\Users\\pcheema\\Desktop\\Aquent_Projects\\Reddit-Humor-v2\\src\\components\\Buttons\\connectedButtons.js": {"path":"C:\\Users\\pcheema\\Desktop\\Aquent_Projects\\Reddit-Humor-v2\\src\\components\\Buttons\\connectedButtons.js","statementMap":{"0":{"start":{"line":5,"column":27},"end":{"line":12,"column":1}},"1":{"start":{"line":6,"column":2},"end":{"line":11,"column":3}},"2":{"start":{"line":7,"column":20},"end":{"line":7,"column":49}},"3":{"start":{"line":8,"column":16},"end":{"line":8,"column":45}},"4":{"start":{"line":9,"column":16},"end":{"line":9,"column":37}},"5":{"start":{"line":10,"column":16},"end":{"line":10,"column":43}},"6":{"start":{"line":14,"column":24},"end":{"line":21,"column":1}},"7":{"start":{"line":15,"column":2},"end":{"line":20,"column":3}}},"fnMap":{"0":{"name":"(anonymous_0)","decl":{"start":{"line":5,"column":27},"end":{"line":5,"column":28}},"loc":{"start":{"line":5,"column":39},"end":{"line":12,"column":1}},"line":5},"1":{"name":"(anonymous_1)","decl":{"start":{"line":7,"column":14},"end":{"line":7,"column":15}},"loc":{"start":{"line":7,"column":20},"end":{"line":7,"column":49}},"line":7},"2":{"name":"(anonymous_2)","decl":{"start":{"line":8,"column":10},"end":{"line":8,"column":11}},"loc":{"start":{"line":8,"column":16},"end":{"line":8,"column":45}},"line":8},"3":{"name":"(anonymous_3)","decl":{"start":{"line":9,"column":10},"end":{"line":9,"column":11}},"loc":{"start":{"line":9,"column":16},"end":{"line":9,"column":37}},"line":9},"4":{"name":"(anonymous_4)","decl":{"start":{"line":10,"column":10},"end":{"line":10,"column":11}},"loc":{"start":{"line":10,"column":16},"end":{"line":10,"column":43}},"line":10},"5":{"name":"(anonymous_5)","decl":{"start":{"line":14,"column":24},"end":{"line":14,"column":25}},"loc":{"start":{"line":14,"column":37},"end":{"line":21,"column":1}},"line":14}},"branchMap":{},"s":{"0":3,"1":0,"2":0,"3":0,"4":0,"5":0,"6":3,"7":0},"f":{"0":0,"1":0,"2":0,"3":0,"4":0,"5":0},"b":{},"_coverageSchema":"332fd63041d2c1bcb487cc26dd0d5f7d97098a6c","hash":"6ada5438be88eb09186acd2954b8e259d737db3c"}
,"C:\\Users\\pcheema\\Desktop\\Aquent_Projects\\Reddit-Humor-v2\\src\\components\\Display\\connectedDisplay.js": {"path":"C:\\Users\\pcheema\\Desktop\\Aquent_Projects\\Reddit-Humor-v2\\src\\components\\Display\\connectedDisplay.js","statementMap":{"0":{"start":{"line":5,"column":24},"end":{"line":5,"column":85}},"1":{"start":{"line":5,"column":38},"end":{"line":5,"column":84}}},"fnMap":{"0":{"name":"(anonymous_0)","decl":{"start":{"line":5,"column":24},"end":{"line":5,"column":25}},"loc":{"start":{"line":5,"column":38},"end":{"line":5,"column":84}},"line":5}},"branchMap":{},"s":{"0":2,"1":1},"f":{"0":1},"b":{},"_coverageSchema":"332fd63041d2c1bcb487cc26dd0d5f7d97098a6c","hash":"4eab7744620aec72d0de76145ebb48676aa8a353"}
,"C:\\Users\\pcheema\\Desktop\\Aquent_Projects\\Reddit-Humor-v2\\src\\components\\Display\\display.js": {"path":"C:\\Users\\pcheema\\Desktop\\Aquent_Projects\\Reddit-Humor-v2\\src\\components\\Display\\display.js","statementMap":{"0":{"start":{"line":11,"column":8},"end":{"line":11,"column":41}},"1":{"start":{"line":15,"column":8},"end":{"line":15,"column":38}},"2":{"start":{"line":16,"column":8},"end":{"line":16,"column":69}},"3":{"start":{"line":17,"column":8},"end":{"line":17,"column":59}},"4":{"start":{"line":21,"column":8},"end":{"line":26,"column":9}},"5":{"start":{"line":31,"column":8},"end":{"line":31,"column":35}},"6":{"start":{"line":33,"column":8},"end":{"line":36,"column":14}},"7":{"start":{"line":34,"column":12},"end":{"line":34,"column":33}},"8":{"start":{"line":41,"column":68},"end":{"line":41,"column":78}},"9":{"start":{"line":42,"column":22},"end":{"line":42,"column":37}},"10":{"start":{"line":43,"column":21},"end":{"line":43,"column":73}},"11":{"start":{"line":45,"column":8},"end":{"line":49,"column":16}},"12":{"start":{"line":46,"column":30},"end":{"line":46,"column":59}},"13":{"start":{"line":47,"column":12},"end":{"line":47,"column":38}},"14":{"start":{"line":54,"column":0},"end":{"line":57,"column":1}},"15":{"start":{"line":59,"column":0},"end":{"line":67,"column":1}}},"fnMap":{"0":{"name":"(anonymous_0)","decl":{"start":{"line":10,"column":4},"end":{"line":10,"column":5}},"loc":{"start":{"line":10,"column":30},"end":{"line":12,"column":5}},"line":10},"1":{"name":"(anonymous_1)","decl":{"start":{"line":14,"column":4},"end":{"line":14,"column":5}},"loc":{"start":{"line":14,"column":31},"end":{"line":18,"column":5}},"line":14},"2":{"name":"(anonymous_2)","decl":{"start":{"line":20,"column":4},"end":{"line":20,"column":5}},"loc":{"start":{"line":20,"column":13},"end":{"line":27,"column":5}},"line":20},"3":{"name":"(anonymous_3)","decl":{"start":{"line":29,"column":20},"end":{"line":29,"column":21}},"loc":{"start":{"line":29,"column":34},"end":{"line":38,"column":5}},"line":29},"4":{"name":"(anonymous_4)","decl":{"start":{"line":33,"column":27},"end":{"line":33,"column":28}},"loc":{"start":{"line":33,"column":33},"end":{"line":36,"column":9}},"line":33},"5":{"name":"(anonymous_5)","decl":{"start":{"line":40,"column":23},"end":{"line":40,"column":24}},"loc":{"start":{"line":40,"column":37},"end":{"line":51,"column":5}},"line":40},"6":{"name":"(anonymous_6)","decl":{"start":{"line":45,"column":26},"end":{"line":45,"column":27}},"loc":{"start":{"line":45,"column":32},"end":{"line":49,"column":9}},"line":45}},"branchMap":{"0":{"loc":{"start":{"line":16,"column":8},"end":{"line":16,"column":69}},"type":"binary-expr","locations":[{"start":{"line":16,"column":8},"end":{"line":16,"column":36}},{"start":{"line":16,"column":40},"end":{"line":16,"column":69}}],"line":16},"1":{"loc":{"start":{"line":43,"column":21},"end":{"line":43,"column":73}},"type":"cond-expr","locations":[{"start":{"line":43,"column":33},"end":{"line":43,"column":68}},{"start":{"line":43,"column":71},"end":{"line":43,"column":73}}],"line":43}},"s":{"0":7,"1":0,"2":0,"3":0,"4":7,"5":7,"6":7,"7":1,"8":0,"9":0,"10":0,"11":0,"12":0,"13":0,"14":3,"15":3},"f":{"0":7,"1":0,"2":7,"3":7,"4":1,"5":0,"6":0},"b":{"0":[0,0],"1":[0,0]},"_coverageSchema":"332fd63041d2c1bcb487cc26dd0d5f7d97098a6c","hash":"ab6cdddf5636027d360b1c4e4b5b03304f3eafdc"}
,"C:\\Users\\pcheema\\Desktop\\Aquent_Projects\\Reddit-Humor-v2\\src\\components\\DisplayImage\\connectedDisplayImage.js": {"path":"C:\\Users\\pcheema\\Desktop\\Aquent_Projects\\Reddit-Humor-v2\\src\\components\\DisplayImage\\connectedDisplayImage.js","statementMap":{"0":{"start":{"line":5,"column":24},"end":{"line":11,"column":1}},"1":{"start":{"line":6,"column":2},"end":{"line":10,"column":3}},"2":{"start":{"line":13,"column":27},"end":{"line":17,"column":1}},"3":{"start":{"line":14,"column":2},"end":{"line":16,"column":3}},"4":{"start":{"line":15,"column":21},"end":{"line":15,"column":53}}},"fnMap":{"0":{"name":"(anonymous_0)","decl":{"start":{"line":5,"column":24},"end":{"line":5,"column":25}},"loc":{"start":{"line":5,"column":37},"end":{"line":11,"column":1}},"line":5},"1":{"name":"(anonymous_1)","decl":{"start":{"line":13,"column":27},"end":{"line":13,"column":28}},"loc":{"start":{"line":13,"column":41},"end":{"line":17,"column":1}},"line":13},"2":{"name":"(anonymous_2)","decl":{"start":{"line":15,"column":10},"end":{"line":15,"column":11}},"loc":{"start":{"line":15,"column":21},"end":{"line":15,"column":53}},"line":15}},"branchMap":{},"s":{"0":4,"1":3,"2":4,"3":3,"4":0},"f":{"0":3,"1":3,"2":0},"b":{},"_coverageSchema":"332fd63041d2c1bcb487cc26dd0d5f7d97098a6c","hash":"3f05488738698034f2697d0817ba2f857b55303f"}
,"C:\\Users\\pcheema\\Desktop\\Aquent_Projects\\Reddit-Humor-v2\\src\\components\\DisplayImage\\displayImage.js": {"path":"C:\\Users\\pcheema\\Desktop\\Aquent_Projects\\Reddit-Humor-v2\\src\\components\\DisplayImage\\displayImage.js","statementMap":{"0":{"start":{"line":5,"column":14},"end":{"line":8,"column":1}},"1":{"start":{"line":6,"column":23},"end":{"line":6,"column":50}},"2":{"start":{"line":7,"column":2},"end":{"line":7,"column":74}},"3":{"start":{"line":10,"column":21},"end":{"line":22,"column":1}},"4":{"start":{"line":12,"column":2},"end":{"line":21,"column":3}},"5":{"start":{"line":24,"column":0},"end":{"line":31,"column":1}},"6":{"start":{"line":33,"column":0},"end":{"line":39,"column":1}}},"fnMap":{"0":{"name":"(anonymous_0)","decl":{"start":{"line":5,"column":14},"end":{"line":5,"column":15}},"loc":{"start":{"line":5,"column":23},"end":{"line":8,"column":1}},"line":5},"1":{"name":"(anonymous_1)","decl":{"start":{"line":10,"column":21},"end":{"line":10,"column":22}},"loc":{"start":{"line":10,"column":30},"end":{"line":22,"column":1}},"line":10},"2":{"name":"(anonymous_2)","decl":{"start":{"line":25,"column":8},"end":{"line":25,"column":9}},"loc":{"start":{"line":25,"column":14},"end":{"line":25,"column":16}},"line":25}},"branchMap":{"0":{"loc":{"start":{"line":7,"column":19},"end":{"line":7,"column":51}},"type":"binary-expr","locations":[{"start":{"line":7,"column":19},"end":{"line":7,"column":31}},{"start":{"line":7,"column":35},"end":{"line":7,"column":51}}],"line":7},"1":{"loc":{"start":{"line":15,"column":9},"end":{"line":15,"column":73}},"type":"binary-expr","locations":[{"start":{"line":15,"column":9},"end":{"line":15,"column":36}},{"start":{"line":15,"column":40},"end":{"line":15,"column":73}}],"line":15}},"s":{"0":5,"1":2,"2":2,"3":5,"4":2,"5":5,"6":5},"f":{"0":2,"1":2,"2":0},"b":{"0":[2,2],"1":[2,2]},"_coverageSchema":"332fd63041d2c1bcb487cc26dd0d5f7d97098a6c","hash":"20e79978032b1fe436d5c23e17c725df18b410fc"}
,"C:\\Users\\pcheema\\Desktop\\Aquent_Projects\\Reddit-Humor-v2\\src\\reducers\\humor.js": {"path":"C:\\Users\\pcheema\\Desktop\\Aquent_Projects\\Reddit-Humor-v2\\src\\reducers\\humor.js","statementMap":{"0":{"start":{"line":3,"column":28},"end":{"line":11,"column":1}},"1":{"start":{"line":13,"column":25},"end":{"line":24,"column":1}},"2":{"start":{"line":15,"column":18},"end":{"line":15,"column":53}},"3":{"start":{"line":16,"column":17},"end":{"line":16,"column":50}},"4":{"start":{"line":18,"column":19},"end":{"line":18,"column":74}},"5":{"start":{"line":18,"column":58},"end":{"line":18,"column":73}},"6":{"start":{"line":20,"column":24},"end":{"line":20,"column":44}},"7":{"start":{"line":22,"column":4},"end":{"line":22,"column":55}},"8":{"start":{"line":26,"column":31},"end":{"line":26,"column":71}},"9":{"start":{"line":26,"column":48},"end":{"line":26,"column":70}},"10":{"start":{"line":28,"column":29},"end":{"line":34,"column":1}},"11":{"start":{"line":30,"column":21},"end":{"line":30,"column":40}},"12":{"start":{"line":31,"column":18},"end":{"line":31,"column":50}},"13":{"start":{"line":33,"column":4},"end":{"line":33,"column":28}},"14":{"start":{"line":36,"column":23},"end":{"line":41,"column":1}},"15":{"start":{"line":37,"column":17},"end":{"line":37,"column":32}},"16":{"start":{"line":38,"column":4},"end":{"line":38,"column":19}},"17":{"start":{"line":39,"column":17},"end":{"line":39,"column":62}},"18":{"start":{"line":39,"column":46},"end":{"line":39,"column":61}},"19":{"start":{"line":40,"column":4},"end":{"line":40,"column":35}},"20":{"start":{"line":43,"column":28},"end":{"line":57,"column":1}},"21":{"start":{"line":45,"column":27},"end":{"line":52,"column":5}},"22":{"start":{"line":54,"column":20},"end":{"line":54,"column":47}},"23":{"start":{"line":55,"column":4},"end":{"line":55,"column":51}}},"fnMap":{"0":{"name":"(anonymous_0)","decl":{"start":{"line":13,"column":25},"end":{"line":13,"column":26}},"loc":{"start":{"line":13,"column":63},"end":{"line":24,"column":1}},"line":13},"1":{"name":"(anonymous_1)","decl":{"start":{"line":18,"column":47},"end":{"line":18,"column":48}},"loc":{"start":{"line":18,"column":58},"end":{"line":18,"column":73}},"line":18},"2":{"name":"(anonymous_2)","decl":{"start":{"line":26,"column":31},"end":{"line":26,"column":32}},"loc":{"start":{"line":26,"column":48},"end":{"line":26,"column":70}},"line":26},"3":{"name":"(anonymous_3)","decl":{"start":{"line":28,"column":29},"end":{"line":28,"column":30}},"loc":{"start":{"line":28,"column":46},"end":{"line":34,"column":1}},"line":28},"4":{"name":"(anonymous_4)","decl":{"start":{"line":36,"column":23},"end":{"line":36,"column":24}},"loc":{"start":{"line":36,"column":40},"end":{"line":41,"column":1}},"line":36},"5":{"name":"(anonymous_5)","decl":{"start":{"line":39,"column":37},"end":{"line":39,"column":38}},"loc":{"start":{"line":39,"column":46},"end":{"line":39,"column":61}},"line":39},"6":{"name":"(anonymous_6)","decl":{"start":{"line":43,"column":28},"end":{"line":43,"column":29}},"loc":{"start":{"line":43,"column":62},"end":{"line":57,"column":1}},"line":43}},"branchMap":{"0":{"loc":{"start":{"line":13,"column":26},"end":{"line":13,"column":46}},"type":"default-arg","locations":[{"start":{"line":13,"column":34},"end":{"line":13,"column":46}}],"line":13},"1":{"loc":{"start":{"line":43,"column":29},"end":{"line":43,"column":49}},"type":"default-arg","locations":[{"start":{"line":43,"column":37},"end":{"line":43,"column":49}}],"line":43},"2":{"loc":{"start":{"line":55,"column":11},"end":{"line":55,"column":51}},"type":"cond-expr","locations":[{"start":{"line":55,"column":21},"end":{"line":55,"column":43}},{"start":{"line":55,"column":46},"end":{"line":55,"column":51}}],"line":55}},"s":{"0":2,"1":2,"2":2,"3":2,"4":2,"5":6,"6":2,"7":2,"8":2,"9":1,"10":2,"11":1,"12":1,"13":1,"14":2,"15":1,"16":1,"17":1,"18":0,"19":1,"20":2,"21":7,"22":7,"23":7},"f":{"0":2,"1":6,"2":1,"3":1,"4":1,"5":0,"6":7},"b":{"0":[0],"1":[5],"2":[5,2]},"_coverageSchema":"332fd63041d2c1bcb487cc26dd0d5f7d97098a6c","hash":"715d9f83e32c6464e9a0710ee5fc76e1b18a6547"}
,"C:\\Users\\pcheema\\Desktop\\Aquent_Projects\\Reddit-Humor-v2\\src\\reducers\\index.js": {"path":"C:\\Users\\pcheema\\Desktop\\Aquent_Projects\\Reddit-Humor-v2\\src\\reducers\\index.js","statementMap":{"0":{"start":{"line":1,"column":0},"end":{"line":null,"column":-1}},"1":{"start":{"line":2,"column":0},"end":{"line":null,"column":-1}}},"fnMap":{},"branchMap":{},"s":{"0":0,"1":0},"f":{},"b":{}}
,"C:\\Users\\pcheema\\Desktop\\Aquent_Projects\\Reddit-Humor-v2\\src\\utils\\fetchProgrammerHumor.js": {"path":"C:\\Users\\pcheema\\Desktop\\Aquent_Projects\\Reddit-Humor-v2\\src\\utils\\fetchProgrammerHumor.js","statementMap":{"0":{"start":{"line":3,"column":19},"end":{"line":3,"column":82}},"1":{"start":{"line":5,"column":36},"end":{"line":21,"column":1}},"2":{"start":{"line":7,"column":4},"end":{"line":19,"column":5}},"3":{"start":{"line":10,"column":25},"end":{"line":10,"column":41}},"4":{"start":{"line":11,"column":21},"end":{"line":11,"column":42}},"5":{"start":{"line":13,"column":8},"end":{"line":13,"column":19}},"6":{"start":{"line":17,"column":8},"end":{"line":17,"column":34}}},"fnMap":{"0":{"name":"(anonymous_0)","decl":{"start":{"line":5,"column":36},"end":{"line":5,"column":37}},"loc":{"start":{"line":5,"column":48},"end":{"line":21,"column":1}},"line":5}},"branchMap":{},"s":{"0":7,"1":7,"2":4,"3":4,"4":3,"5":3,"6":1},"f":{"0":4},"b":{},"_coverageSchema":"332fd63041d2c1bcb487cc26dd0d5f7d97098a6c","hash":"a91dcffb4e594ef4c94d87dabe45ed840fc075d3"}
,"C:\\Users\\pcheema\\Desktop\\Aquent_Projects\\Reddit-Humor-v2\\src\\utils\\getNextIndex.js": {"path":"C:\\Users\\pcheema\\Desktop\\Aquent_Projects\\Reddit-Humor-v2\\src\\utils\\getNextIndex.js","statementMap":{"0":{"start":{"line":1,"column":28},"end":{"line":7,"column":1}},"1":{"start":{"line":2,"column":21},"end":{"line":2,"column":38}},"2":{"start":{"line":3,"column":22},"end":{"line":3,"column":62}},"3":{"start":{"line":5,"column":4},"end":{"line":5,"column":62}}},"fnMap":{"0":{"name":"(anonymous_0)","decl":{"start":{"line":1,"column":28},"end":{"line":1,"column":29}},"loc":{"start":{"line":1,"column":49},"end":{"line":7,"column":1}},"line":1}},"branchMap":{"0":{"loc":{"start":{"line":3,"column":22},"end":{"line":3,"column":62}},"type":"cond-expr","locations":[{"start":{"line":3,"column":47},"end":{"line":3,"column":48}},{"start":{"line":3,"column":51},"end":{"line":3,"column":62}}],"line":3},"1":{"loc":{"start":{"line":5,"column":11},"end":{"line":5,"column":62}},"type":"cond-expr","locations":[{"start":{"line":5,"column":36},"end":{"line":5,"column":50}},{"start":{"line":5,"column":53},"end":{"line":5,"column":62}}],"line":5}},"s":{"0":3,"1":0,"2":0,"3":0},"f":{"0":0},"b":{"0":[0,0],"1":[0,0]},"_coverageSchema":"332fd63041d2c1bcb487cc26dd0d5f7d97098a6c","hash":"4eede8437026e38392ca4c689c3b394b8f32d4f1"}
,"C:\\Users\\pcheema\\Desktop\\Aquent_Projects\\Reddit-Humor-v2\\src\\utils\\gifDuration.js": {"path":"C:\\Users\\pcheema\\Desktop\\Aquent_Projects\\Reddit-Humor-v2\\src\\utils\\gifDuration.js","statementMap":{"0":{"start":{"line":4,"column":17},"end":{"line":4,"column":33}},"1":{"start":{"line":5,"column":19},"end":{"line":5,"column":43}},"2":{"start":{"line":6,"column":32},"end":{"line":6,"column":61}},"3":{"start":{"line":7,"column":4},"end":{"line":7,"column":58}}},"fnMap":{"0":{"name":"getGifDuration","decl":{"start":{"line":3,"column":22},"end":{"line":3,"column":36}},"loc":{"start":{"line":3,"column":42},"end":{"line":8,"column":1}},"line":3}},"branchMap":{},"s":{"0":0,"1":0,"2":0,"3":0},"f":{"0":0},"b":{},"_coverageSchema":"332fd63041d2c1bcb487cc26dd0d5f7d97098a6c","hash":"aed4f230435dd70271076e6d2d3b54d8f9ffba8f"}
,"C:\\Users\\pcheema\\Desktop\\Aquent_Projects\\Reddit-Humor-v2\\src\\utils\\parseUtils.js": {"path":"C:\\Users\\pcheema\\Desktop\\Aquent_Projects\\Reddit-Humor-v2\\src\\utils\\parseUtils.js","statementMap":{"0":{"start":{"line":2,"column":24},"end":{"line":2,"column":84}},"1":{"start":{"line":2,"column":38},"end":{"line":2,"column":84}},"2":{"start":{"line":4,"column":20},"end":{"line":12,"column":1}},"3":{"start":{"line":6,"column":17},"end":{"line":6,"column":27}},"4":{"start":{"line":9,"column":4},"end":{"line":9,"column":60}},"5":{"start":{"line":9,"column":44},"end":{"line":9,"column":60}},"6":{"start":{"line":10,"column":4},"end":{"line":10,"column":16}},"7":{"start":{"line":14,"column":23},"end":{"line":14,"column":60}},"8":{"start":{"line":14,"column":33},"end":{"line":14,"column":60}},"9":{"start":{"line":15,"column":26},"end":{"line":15,"column":64}},"10":{"start":{"line":15,"column":36},"end":{"line":15,"column":64}},"11":{"start":{"line":16,"column":21},"end":{"line":16,"column":38}},"12":{"start":{"line":16,"column":31},"end":{"line":16,"column":38}},"13":{"start":{"line":17,"column":24},"end":{"line":17,"column":44}},"14":{"start":{"line":17,"column":34},"end":{"line":17,"column":44}},"15":{"start":{"line":18,"column":21},"end":{"line":18,"column":112}},"16":{"start":{"line":18,"column":31},"end":{"line":18,"column":112}},"17":{"start":{"line":19,"column":22},"end":{"line":24,"column":1}},"18":{"start":{"line":20,"column":4},"end":{"line":22,"column":90}},"19":{"start":{"line":27,"column":32},"end":{"line":27,"column":121}},"20":{"start":{"line":27,"column":43},"end":{"line":27,"column":120}},"21":{"start":{"line":29,"column":31},"end":{"line":49,"column":1}},"22":{"start":{"line":30,"column":19},"end":{"line":30,"column":21}},"23":{"start":{"line":31,"column":18},"end":{"line":31,"column":20}},"24":{"start":{"line":32,"column":17},"end":{"line":32,"column":19}},"25":{"start":{"line":33,"column":24},"end":{"line":33,"column":26}},"26":{"start":{"line":35,"column":4},"end":{"line":45,"column":6}},"27":{"start":{"line":37,"column":26},"end":{"line":37,"column":48}},"28":{"start":{"line":38,"column":8},"end":{"line":38,"column":30}},"29":{"start":{"line":40,"column":21},"end":{"line":40,"column":30}},"30":{"start":{"line":41,"column":8},"end":{"line":41,"column":21}},"31":{"start":{"line":42,"column":8},"end":{"line":42,"column":24}},"32":{"start":{"line":43,"column":8},"end":{"line":43,"column":27}},"33":{"start":{"line":47,"column":4},"end":{"line":47,"column":45}}},"fnMap":{"0":{"name":"(anonymous_0)","decl":{"start":{"line":2,"column":24},"end":{"line":2,"column":25}},"loc":{"start":{"line":2,"column":38},"end":{"line":2,"column":84}},"line":2},"1":{"name":"(anonymous_1)","decl":{"start":{"line":4,"column":20},"end":{"line":4,"column":21}},"loc":{"start":{"line":4,"column":38},"end":{"line":12,"column":1}},"line":4},"2":{"name":"(anonymous_2)","decl":{"start":{"line":14,"column":23},"end":{"line":14,"column":24}},"loc":{"start":{"line":14,"column":33},"end":{"line":14,"column":60}},"line":14},"3":{"name":"(anonymous_3)","decl":{"start":{"line":15,"column":26},"end":{"line":15,"column":27}},"loc":{"start":{"line":15,"column":36},"end":{"line":15,"column":64}},"line":15},"4":{"name":"(anonymous_4)","decl":{"start":{"line":16,"column":21},"end":{"line":16,"column":22}},"loc":{"start":{"line":16,"column":31},"end":{"line":16,"column":38}},"line":16},"5":{"name":"(anonymous_5)","decl":{"start":{"line":17,"column":24},"end":{"line":17,"column":25}},"loc":{"start":{"line":17,"column":34},"end":{"line":17,"column":44}},"line":17},"6":{"name":"(anonymous_6)","decl":{"start":{"line":18,"column":21},"end":{"line":18,"column":22}},"loc":{"start":{"line":18,"column":31},"end":{"line":18,"column":112}},"line":18},"7":{"name":"(anonymous_7)","decl":{"start":{"line":19,"column":22},"end":{"line":19,"column":23}},"loc":{"start":{"line":20,"column":4},"end":{"line":22,"column":90}},"line":20},"8":{"name":"(anonymous_8)","decl":{"start":{"line":27,"column":32},"end":{"line":27,"column":33}},"loc":{"start":{"line":27,"column":43},"end":{"line":27,"column":120}},"line":27},"9":{"name":"(anonymous_9)","decl":{"start":{"line":29,"column":31},"end":{"line":29,"column":32}},"loc":{"start":{"line":29,"column":42},"end":{"line":49,"column":1}},"line":29},"10":{"name":"(anonymous_10)","decl":{"start":{"line":35,"column":18},"end":{"line":35,"column":19}},"loc":{"start":{"line":35,"column":28},"end":{"line":45,"column":5}},"line":35}},"branchMap":{"0":{"loc":{"start":{"line":9,"column":4},"end":{"line":9,"column":60}},"type":"if","locations":[{"start":{"line":9,"column":4},"end":{"line":9,"column":60}},{"start":{"line":9,"column":4},"end":{"line":9,"column":60}}],"line":9},"1":{"loc":{"start":{"line":9,"column":8},"end":{"line":9,"column":42}},"type":"binary-expr","locations":[{"start":{"line":9,"column":8},"end":{"line":9,"column":25}},{"start":{"line":9,"column":29},"end":{"line":9,"column":42}}],"line":9},"2":{"loc":{"start":{"line":14,"column":33},"end":{"line":14,"column":60}},"type":"cond-expr","locations":[{"start":{"line":14,"column":48},"end":{"line":14,"column":52}},{"start":{"line":14,"column":55},"end":{"line":14,"column":60}}],"line":14},"3":{"loc":{"start":{"line":15,"column":36},"end":{"line":15,"column":64}},"type":"cond-expr","locations":[{"start":{"line":15,"column":52},"end":{"line":15,"column":56}},{"start":{"line":15,"column":59},"end":{"line":15,"column":64}}],"line":15},"4":{"loc":{"start":{"line":18,"column":31},"end":{"line":18,"column":112}},"type":"cond-expr","locations":[{"start":{"line":18,"column":100},"end":{"line":18,"column":104}},{"start":{"line":18,"column":107},"end":{"line":18,"column":112}}],"line":18},"5":{"loc":{"start":{"line":18,"column":31},"end":{"line":18,"column":97}},"type":"binary-expr","locations":[{"start":{"line":18,"column":31},"end":{"line":18,"column":43}},{"start":{"line":18,"column":47},"end":{"line":18,"column":68}},{"start":{"line":18,"column":72},"end":{"line":18,"column":97}}],"line":18},"6":{"loc":{"start":{"line":20,"column":4},"end":{"line":22,"column":90}},"type":"cond-expr","locations":[{"start":{"line":21,"column":6},"end":{"line":21,"column":42}},{"start":{"line":22,"column":6},"end":{"line":22,"column":90}}],"line":20}},"s":{"0":7,"1":7,"2":7,"3":182,"4":182,"5":175,"6":182,"7":7,"8":177,"9":7,"10":184,"11":7,"12":55,"13":7,"14":55,"15":7,"16":112,"17":7,"18":56,"19":7,"20":51,"21":7,"22":3,"23":3,"24":3,"25":3,"26":3,"27":51,"28":51,"29":51,"30":51,"31":51,"32":51,"33":3},"f":{"0":7,"1":182,"2":177,"3":184,"4":55,"5":55,"6":112,"7":56,"8":51,"9":3,"10":51},"b":{"0":[175,7],"1":[182,175],"2":[176,1],"3":[8,176],"4":[8,104],"5":[112,112,9],"6":[4,52]},"_coverageSchema":"332fd63041d2c1bcb487cc26dd0d5f7d97098a6c","hash":"a538c5bf33ddaf66cd43da5248d8e1b717385ac8"}
,"C:\\Users\\pcheema\\Desktop\\Aquent_Projects\\Reddit-Humor-v2\\src\\utils\\postToSlack.js": {"path":"C:\\Users\\pcheema\\Desktop\\Aquent_Projects\\Reddit-Humor-v2\\src\\utils\\postToSlack.js","statementMap":{"0":{"start":{"line":2,"column":2},"end":{"line":2,"column":81}},"1":{"start":{"line":4,"column":15},"end":{"line":4,"column":17}},"2":{"start":{"line":11,"column":18},"end":{"line":21,"column":3}},"3":{"start":{"line":23,"column":2},"end":{"line":31,"column":3}},"4":{"start":{"line":24,"column":4},"end":{"line":24,"column":52}},"5":{"start":{"line":26,"column":4},"end":{"line":26,"column":24}},"6":{"start":{"line":27,"column":4},"end":{"line":30,"column":6}}},"fnMap":{"0":{"name":"sendToSlack","decl":{"start":{"line":6,"column":24},"end":{"line":6,"column":35}},"loc":{"start":{"line":10,"column":2},"end":{"line":32,"column":1}},"line":10}},"branchMap":{"0":{"loc":{"start":{"line":7,"column":2},"end":{"line":7,"column":14}},"type":"default-arg","locations":[{"start":{"line":7,"column":12},"end":{"line":7,"column":14}}],"line":7},"1":{"loc":{"start":{"line":8,"column":2},"end":{"line":8,"column":22}},"type":"default-arg","locations":[{"start":{"line":8,"column":13},"end":{"line":8,"column":22}}],"line":8},"2":{"loc":{"start":{"line":23,"column":2},"end":{"line":31,"column":3}},"type":"if","locations":[{"start":{"line":23,"column":2},"end":{"line":31,"column":3}},{"start":{"line":23,"column":2},"end":{"line":31,"column":3}}],"line":23}},"s":{"0":5,"1":5,"2":3,"3":3,"4":0,"5":3,"6":3},"f":{"0":3},"b":{"0":[0],"1":[0],"2":[0,3]},"_coverageSchema":"332fd63041d2c1bcb487cc26dd0d5f7d97098a6c","hash":"39fb66944628b51730ff1de6be521d17e1f8d640"}
}
