{"C:\\Users\\swatkins\\Documents\\projects\\rhv210x\\src\\index.js": {"path":"C:\\Users\\swatkins\\Documents\\projects\\rhv210x\\src\\index.js","statementMap":{"0":{"start":{"line":1,"column":32},"end":{"line":1,"column":98}},"1":{"start":{"line":1,"column":112},"end":{"line":1,"column":128}},"2":{"start":{"line":1,"column":143},"end":{"line":1,"column":173}},"3":{"start":{"line":2,"column":16},"end":{"line":2,"column":36}},"4":{"start":{"line":2,"column":54},"end":{"line":2,"column":87}},"5":{"start":{"line":3,"column":0},"end":{"line":3,"column":23}},"6":{"start":{"line":4,"column":11},"end":{"line":4,"column":42}},"7":{"start":{"line":4,"column":55},"end":{"line":4,"column":83}},"8":{"start":{"line":4,"column":122},"end":{"line":4,"column":176}},"9":{"start":{"line":6,"column":0},"end":{"line":6,"column":181}}},"fnMap":{"0":{"name":"_interopRequireDefault","decl":{"start":{"line":4,"column":93},"end":{"line":4,"column":115}},"loc":{"start":{"line":4,"column":121},"end":{"line":4,"column":177}},"line":4}},"branchMap":{"0":{"loc":{"start":{"line":4,"column":129},"end":{"line":4,"column":175}},"type":"cond-expr","locations":[{"start":{"line":4,"column":153},"end":{"line":4,"column":156}},{"start":{"line":4,"column":159},"end":{"line":4,"column":175}}],"line":4},"1":{"loc":{"start":{"line":4,"column":129},"end":{"line":4,"column":150}},"type":"binary-expr","locations":[{"start":{"line":4,"column":129},"end":{"line":4,"column":132}},{"start":{"line":4,"column":136},"end":{"line":4,"column":150}}],"line":4}},"s":{"0":0,"1":0,"2":0,"3":0,"4":0,"5":0,"6":0,"7":0,"8":0,"9":0},"f":{"0":0},"b":{"0":[0,0],"1":[0,0]}}
,"C:\\Users\\swatkins\\Documents\\projects\\rhv210x\\src\\setupTests.js": {"path":"C:\\Users\\swatkins\\Documents\\projects\\rhv210x\\src\\setupTests.js","statementMap":{"0":{"start":{"line":4,"column":0},"end":{"line":4,"column":45}}},"fnMap":{},"branchMap":{},"s":{"0":6},"f":{},"b":{},"_coverageSchema":"332fd63041d2c1bcb487cc26dd0d5f7d97098a6c","hash":"a5b7824087fe925f4b804fe6dd6623074b021c2a"}
,"C:\\Users\\swatkins\\Documents\\projects\\rhv210x\\src\\actions\\actions-list.js": {"path":"C:\\Users\\swatkins\\Documents\\projects\\rhv210x\\src\\actions\\actions-list.js","statementMap":{"0":{"start":{"line":1,"column":26},"end":{"line":1,"column":38}},"1":{"start":{"line":2,"column":33},"end":{"line":2,"column":52}},"2":{"start":{"line":3,"column":30},"end":{"line":3,"column":46}},"3":{"start":{"line":4,"column":24},"end":{"line":4,"column":34}}},"fnMap":{},"branchMap":{},"s":{"0":3,"1":3,"2":3,"3":3},"f":{},"b":{},"_coverageSchema":"332fd63041d2c1bcb487cc26dd0d5f7d97098a6c","hash":"07e2f6a58fab561561c1c1d7e27924b1edd390ce"}
,"C:\\Users\\swatkins\\Documents\\projects\\rhv210x\\src\\actions\\humor.js": {"path":"C:\\Users\\swatkins\\Documents\\projects\\rhv210x\\src\\actions\\humor.js","statementMap":{"0":{"start":{"line":5,"column":24},"end":{"line":14,"column":1}},"1":{"start":{"line":5,"column":30},"end":{"line":14,"column":1}},"2":{"start":{"line":7,"column":21},"end":{"line":7,"column":49}},"3":{"start":{"line":8,"column":18},"end":{"line":8,"column":36}},"4":{"start":{"line":9,"column":21},"end":{"line":9,"column":43}},"5":{"start":{"line":11,"column":19},"end":{"line":11,"column":38}},"6":{"start":{"line":12,"column":4},"end":{"line":12,"column":20}},"7":{"start":{"line":16,"column":25},"end":{"line":16,"column":75}},"8":{"start":{"line":16,"column":40},"end":{"line":16,"column":74}},"9":{"start":{"line":17,"column":31},"end":{"line":17,"column":74}},"10":{"start":{"line":17,"column":39},"end":{"line":17,"column":73}},"11":{"start":{"line":18,"column":29},"end":{"line":18,"column":71}},"12":{"start":{"line":18,"column":38},"end":{"line":18,"column":70}},"13":{"start":{"line":19,"column":23},"end":{"line":19,"column":59}},"14":{"start":{"line":19,"column":32},"end":{"line":19,"column":58}}},"fnMap":{"0":{"name":"(anonymous_0)","decl":{"start":{"line":5,"column":24},"end":{"line":5,"column":25}},"loc":{"start":{"line":5,"column":30},"end":{"line":14,"column":1}},"line":5},"1":{"name":"(anonymous_1)","decl":{"start":{"line":5,"column":30},"end":{"line":5,"column":31}},"loc":{"start":{"line":5,"column":50},"end":{"line":14,"column":1}},"line":5},"2":{"name":"(anonymous_2)","decl":{"start":{"line":16,"column":25},"end":{"line":16,"column":26}},"loc":{"start":{"line":16,"column":40},"end":{"line":16,"column":74}},"line":16},"3":{"name":"(anonymous_3)","decl":{"start":{"line":17,"column":31},"end":{"line":17,"column":32}},"loc":{"start":{"line":17,"column":39},"end":{"line":17,"column":73}},"line":17},"4":{"name":"(anonymous_4)","decl":{"start":{"line":18,"column":29},"end":{"line":18,"column":30}},"loc":{"start":{"line":18,"column":38},"end":{"line":18,"column":70}},"line":18},"5":{"name":"(anonymous_5)","decl":{"start":{"line":19,"column":23},"end":{"line":19,"column":24}},"loc":{"start":{"line":19,"column":32},"end":{"line":19,"column":58}},"line":19}},"branchMap":{},"s":{"0":2,"1":1,"2":1,"3":1,"4":1,"5":1,"6":1,"7":2,"8":4,"9":2,"10":2,"11":2,"12":2,"13":2,"14":2},"f":{"0":1,"1":1,"2":4,"3":2,"4":2,"5":2},"b":{},"_coverageSchema":"332fd63041d2c1bcb487cc26dd0d5f7d97098a6c","hash":"cf288284d5d4ac74912ae508e0bb4b45ebfed42d"}
,"C:\\Users\\swatkins\\Documents\\projects\\rhv210x\\src\\components\\App\\App.js": {"path":"C:\\Users\\swatkins\\Documents\\projects\\rhv210x\\src\\components\\App\\App.js","statementMap":{"0":{"start":{"line":9,"column":4},"end":{"line":12,"column":6}}},"fnMap":{"0":{"name":"(anonymous_0)","decl":{"start":{"line":8,"column":2},"end":{"line":8,"column":3}},"loc":{"start":{"line":8,"column":11},"end":{"line":13,"column":3}},"line":8}},"branchMap":{},"s":{"0":1},"f":{"0":1},"b":{},"_coverageSchema":"332fd63041d2c1bcb487cc26dd0d5f7d97098a6c","hash":"22d6b050145dec2e717af860759dee089b858812"}
,"C:\\Users\\swatkins\\Documents\\projects\\rhv210x\\src\\reducers\\humor.js": {"path":"C:\\Users\\swatkins\\Documents\\projects\\rhv210x\\src\\reducers\\humor.js","statementMap":{"0":{"start":{"line":3,"column":28},"end":{"line":11,"column":1}},"1":{"start":{"line":13,"column":25},"end":{"line":22,"column":1}},"2":{"start":{"line":15,"column":18},"end":{"line":15,"column":53}},"3":{"start":{"line":16,"column":17},"end":{"line":16,"column":50}},"4":{"start":{"line":17,"column":19},"end":{"line":17,"column":39}},"5":{"start":{"line":18,"column":24},"end":{"line":18,"column":44}},"6":{"start":{"line":20,"column":4},"end":{"line":20,"column":55}},"7":{"start":{"line":24,"column":31},"end":{"line":24,"column":71}},"8":{"start":{"line":24,"column":48},"end":{"line":24,"column":70}},"9":{"start":{"line":26,"column":29},"end":{"line":33,"column":1}},"10":{"start":{"line":28,"column":21},"end":{"line":28,"column":40}},"11":{"start":{"line":29,"column":18},"end":{"line":29,"column":50}},"12":{"start":{"line":31,"column":4},"end":{"line":31,"column":28}},"13":{"start":{"line":35,"column":23},"end":{"line":42,"column":1}},"14":{"start":{"line":37,"column":17},"end":{"line":37,"column":32}},"15":{"start":{"line":38,"column":4},"end":{"line":38,"column":19}},"16":{"start":{"line":40,"column":4},"end":{"line":40,"column":27}},"17":{"start":{"line":44,"column":28},"end":{"line":58,"column":1}},"18":{"start":{"line":46,"column":27},"end":{"line":53,"column":5}},"19":{"start":{"line":55,"column":20},"end":{"line":55,"column":47}},"20":{"start":{"line":56,"column":4},"end":{"line":56,"column":51}}},"fnMap":{"0":{"name":"(anonymous_0)","decl":{"start":{"line":13,"column":25},"end":{"line":13,"column":26}},"loc":{"start":{"line":13,"column":63},"end":{"line":22,"column":1}},"line":13},"1":{"name":"(anonymous_1)","decl":{"start":{"line":24,"column":31},"end":{"line":24,"column":32}},"loc":{"start":{"line":24,"column":48},"end":{"line":24,"column":70}},"line":24},"2":{"name":"(anonymous_2)","decl":{"start":{"line":26,"column":29},"end":{"line":26,"column":30}},"loc":{"start":{"line":26,"column":46},"end":{"line":33,"column":1}},"line":26},"3":{"name":"(anonymous_3)","decl":{"start":{"line":35,"column":23},"end":{"line":35,"column":24}},"loc":{"start":{"line":35,"column":40},"end":{"line":42,"column":1}},"line":35},"4":{"name":"(anonymous_4)","decl":{"start":{"line":44,"column":28},"end":{"line":44,"column":29}},"loc":{"start":{"line":44,"column":62},"end":{"line":58,"column":1}},"line":44}},"branchMap":{"0":{"loc":{"start":{"line":13,"column":26},"end":{"line":13,"column":46}},"type":"default-arg","locations":[{"start":{"line":13,"column":34},"end":{"line":13,"column":46}}],"line":13},"1":{"loc":{"start":{"line":44,"column":29},"end":{"line":44,"column":49}},"type":"default-arg","locations":[{"start":{"line":44,"column":37},"end":{"line":44,"column":49}}],"line":44},"2":{"loc":{"start":{"line":56,"column":11},"end":{"line":56,"column":51}},"type":"cond-expr","locations":[{"start":{"line":56,"column":21},"end":{"line":56,"column":43}},{"start":{"line":56,"column":46},"end":{"line":56,"column":51}}],"line":56}},"s":{"0":2,"1":2,"2":1,"3":1,"4":1,"5":1,"6":1,"7":2,"8":1,"9":2,"10":1,"11":1,"12":1,"13":2,"14":1,"15":1,"16":1,"17":2,"18":6,"19":6,"20":6},"f":{"0":1,"1":1,"2":1,"3":1,"4":6},"b":{"0":[0],"1":[4],"2":[4,2]},"_coverageSchema":"332fd63041d2c1bcb487cc26dd0d5f7d97098a6c","hash":"81037ba0c62447bc1c5d33ca0c8196147428e703"}
,"C:\\Users\\swatkins\\Documents\\projects\\rhv210x\\src\\utils\\fetchProgrammerHumor.js": {"path":"C:\\Users\\swatkins\\Documents\\projects\\rhv210x\\src\\utils\\fetchProgrammerHumor.js","statementMap":{"0":{"start":{"line":3,"column":19},"end":{"line":3,"column":82}},"1":{"start":{"line":5,"column":36},"end":{"line":20,"column":1}},"2":{"start":{"line":7,"column":4},"end":{"line":18,"column":5}},"3":{"start":{"line":9,"column":25},"end":{"line":9,"column":41}},"4":{"start":{"line":10,"column":21},"end":{"line":10,"column":42}},"5":{"start":{"line":12,"column":8},"end":{"line":12,"column":19}},"6":{"start":{"line":16,"column":8},"end":{"line":16,"column":34}}},"fnMap":{"0":{"name":"(anonymous_0)","decl":{"start":{"line":5,"column":36},"end":{"line":5,"column":37}},"loc":{"start":{"line":5,"column":48},"end":{"line":20,"column":1}},"line":5}},"branchMap":{},"s":{"0":4,"1":4,"2":4,"3":4,"4":3,"5":3,"6":1},"f":{"0":4},"b":{},"_coverageSchema":"332fd63041d2c1bcb487cc26dd0d5f7d97098a6c","hash":"119fc36aaff8e4e91191659cebee37ed5fb0c98e"}
,"C:\\Users\\swatkins\\Documents\\projects\\rhv210x\\src\\utils\\parseUtils.js": {"path":"C:\\Users\\swatkins\\Documents\\projects\\rhv210x\\src\\utils\\parseUtils.js","statementMap":{"0":{"start":{"line":2,"column":24},"end":{"line":2,"column":84}},"1":{"start":{"line":2,"column":38},"end":{"line":2,"column":84}},"2":{"start":{"line":4,"column":20},"end":{"line":10,"column":1}},"3":{"start":{"line":6,"column":17},"end":{"line":6,"column":27}},"4":{"start":{"line":7,"column":4},"end":{"line":7,"column":60}},"5":{"start":{"line":7,"column":44},"end":{"line":7,"column":60}},"6":{"start":{"line":8,"column":4},"end":{"line":8,"column":16}},"7":{"start":{"line":12,"column":23},"end":{"line":12,"column":60}},"8":{"start":{"line":12,"column":33},"end":{"line":12,"column":60}},"9":{"start":{"line":13,"column":26},"end":{"line":13,"column":64}},"10":{"start":{"line":13,"column":36},"end":{"line":13,"column":64}},"11":{"start":{"line":14,"column":21},"end":{"line":14,"column":38}},"12":{"start":{"line":14,"column":31},"end":{"line":14,"column":38}},"13":{"start":{"line":15,"column":24},"end":{"line":15,"column":44}},"14":{"start":{"line":15,"column":34},"end":{"line":15,"column":44}},"15":{"start":{"line":16,"column":21},"end":{"line":16,"column":112}},"16":{"start":{"line":16,"column":31},"end":{"line":16,"column":112}},"17":{"start":{"line":17,"column":22},"end":{"line":17,"column":118}},"18":{"start":{"line":17,"column":32},"end":{"line":17,"column":118}},"19":{"start":{"line":19,"column":32},"end":{"line":19,"column":121}},"20":{"start":{"line":19,"column":43},"end":{"line":19,"column":120}},"21":{"start":{"line":21,"column":31},"end":{"line":42,"column":1}},"22":{"start":{"line":23,"column":19},"end":{"line":23,"column":21}},"23":{"start":{"line":24,"column":18},"end":{"line":24,"column":20}},"24":{"start":{"line":25,"column":17},"end":{"line":25,"column":19}},"25":{"start":{"line":26,"column":24},"end":{"line":26,"column":26}},"26":{"start":{"line":28,"column":4},"end":{"line":38,"column":6}},"27":{"start":{"line":30,"column":26},"end":{"line":30,"column":48}},"28":{"start":{"line":31,"column":8},"end":{"line":31,"column":30}},"29":{"start":{"line":33,"column":21},"end":{"line":33,"column":30}},"30":{"start":{"line":34,"column":8},"end":{"line":34,"column":21}},"31":{"start":{"line":35,"column":8},"end":{"line":35,"column":24}},"32":{"start":{"line":36,"column":8},"end":{"line":36,"column":27}},"33":{"start":{"line":40,"column":4},"end":{"line":40,"column":45}}},"fnMap":{"0":{"name":"(anonymous_0)","decl":{"start":{"line":2,"column":24},"end":{"line":2,"column":25}},"loc":{"start":{"line":2,"column":38},"end":{"line":2,"column":84}},"line":2},"1":{"name":"(anonymous_1)","decl":{"start":{"line":4,"column":20},"end":{"line":4,"column":21}},"loc":{"start":{"line":4,"column":38},"end":{"line":10,"column":1}},"line":4},"2":{"name":"(anonymous_2)","decl":{"start":{"line":12,"column":23},"end":{"line":12,"column":24}},"loc":{"start":{"line":12,"column":33},"end":{"line":12,"column":60}},"line":12},"3":{"name":"(anonymous_3)","decl":{"start":{"line":13,"column":26},"end":{"line":13,"column":27}},"loc":{"start":{"line":13,"column":36},"end":{"line":13,"column":64}},"line":13},"4":{"name":"(anonymous_4)","decl":{"start":{"line":14,"column":21},"end":{"line":14,"column":22}},"loc":{"start":{"line":14,"column":31},"end":{"line":14,"column":38}},"line":14},"5":{"name":"(anonymous_5)","decl":{"start":{"line":15,"column":24},"end":{"line":15,"column":25}},"loc":{"start":{"line":15,"column":34},"end":{"line":15,"column":44}},"line":15},"6":{"name":"(anonymous_6)","decl":{"start":{"line":16,"column":21},"end":{"line":16,"column":22}},"loc":{"start":{"line":16,"column":31},"end":{"line":16,"column":112}},"line":16},"7":{"name":"(anonymous_7)","decl":{"start":{"line":17,"column":22},"end":{"line":17,"column":23}},"loc":{"start":{"line":17,"column":32},"end":{"line":17,"column":118}},"line":17},"8":{"name":"(anonymous_8)","decl":{"start":{"line":19,"column":32},"end":{"line":19,"column":33}},"loc":{"start":{"line":19,"column":43},"end":{"line":19,"column":120}},"line":19},"9":{"name":"(anonymous_9)","decl":{"start":{"line":21,"column":31},"end":{"line":21,"column":32}},"loc":{"start":{"line":21,"column":42},"end":{"line":42,"column":1}},"line":21},"10":{"name":"(anonymous_10)","decl":{"start":{"line":28,"column":14},"end":{"line":28,"column":15}},"loc":{"start":{"line":28,"column":24},"end":{"line":38,"column":5}},"line":28}},"branchMap":{"0":{"loc":{"start":{"line":7,"column":4},"end":{"line":7,"column":60}},"type":"if","locations":[{"start":{"line":7,"column":4},"end":{"line":7,"column":60}},{"start":{"line":7,"column":4},"end":{"line":7,"column":60}}],"line":7},"1":{"loc":{"start":{"line":7,"column":8},"end":{"line":7,"column":42}},"type":"binary-expr","locations":[{"start":{"line":7,"column":8},"end":{"line":7,"column":25}},{"start":{"line":7,"column":29},"end":{"line":7,"column":42}}],"line":7},"2":{"loc":{"start":{"line":12,"column":33},"end":{"line":12,"column":60}},"type":"cond-expr","locations":[{"start":{"line":12,"column":48},"end":{"line":12,"column":52}},{"start":{"line":12,"column":55},"end":{"line":12,"column":60}}],"line":12},"3":{"loc":{"start":{"line":13,"column":36},"end":{"line":13,"column":64}},"type":"cond-expr","locations":[{"start":{"line":13,"column":52},"end":{"line":13,"column":56}},{"start":{"line":13,"column":59},"end":{"line":13,"column":64}}],"line":13},"4":{"loc":{"start":{"line":16,"column":31},"end":{"line":16,"column":112}},"type":"cond-expr","locations":[{"start":{"line":16,"column":100},"end":{"line":16,"column":104}},{"start":{"line":16,"column":107},"end":{"line":16,"column":112}}],"line":16},"5":{"loc":{"start":{"line":16,"column":31},"end":{"line":16,"column":97}},"type":"binary-expr","locations":[{"start":{"line":16,"column":31},"end":{"line":16,"column":43}},{"start":{"line":16,"column":47},"end":{"line":16,"column":68}},{"start":{"line":16,"column":72},"end":{"line":16,"column":97}}],"line":16},"6":{"loc":{"start":{"line":17,"column":32},"end":{"line":17,"column":118}},"type":"cond-expr","locations":[{"start":{"line":17,"column":46},"end":{"line":17,"column":82}},{"start":{"line":17,"column":85},"end":{"line":17,"column":118}}],"line":17}},"s":{"0":4,"1":6,"2":4,"3":156,"4":156,"5":150,"6":156,"7":4,"8":152,"9":4,"10":158,"11":4,"12":57,"13":4,"14":57,"15":4,"16":117,"17":4,"18":58,"19":4,"20":53,"21":4,"22":3,"23":3,"24":3,"25":3,"26":3,"27":51,"28":51,"29":51,"30":51,"31":51,"32":51,"33":3},"f":{"0":6,"1":156,"2":152,"3":158,"4":57,"5":57,"6":117,"7":58,"8":53,"9":3,"10":51},"b":{"0":[150,6],"1":[156,150],"2":[151,1],"3":[7,151],"4":[10,107],"5":[117,117,11],"6":[5,53]},"_coverageSchema":"332fd63041d2c1bcb487cc26dd0d5f7d97098a6c","hash":"3f3dbaeda268d018dbe7bee5c62dcd3b7844994c"}
}
