TN:
SF:C:\Users\swatkins\Documents\projects\rhv210x\src\index.js
FN:4,_interopRequireDefault
FNF:1
FNH:0
FNDA:0,_interopRequireDefault
DA:1,0
DA:2,0
DA:3,0
DA:4,0
DA:6,0
LF:5
LH:0
BRDA:4,0,0,0
BRDA:4,0,1,0
BRDA:4,1,0,0
BRDA:4,1,1,0
BRF:4
BRH:0
end_of_record
TN:
SF:C:\Users\swatkins\Documents\projects\rhv210x\src\setupTests.js
FNF:0
FNH:0
DA:4,6
LF:1
LH:1
BRF:0
BRH:0
end_of_record
TN:
SF:C:\Users\swatkins\Documents\projects\rhv210x\src\actions\actions-list.js
FNF:0
FNH:0
DA:1,3
DA:2,3
DA:3,3
DA:4,3
LF:4
LH:4
BRF:0
BRH:0
end_of_record
TN:
SF:C:\Users\swatkins\Documents\projects\rhv210x\src\actions\humor.js
FN:5,(anonymous_0)
FN:16,(anonymous_1)
FN:17,(anonymous_2)
FN:18,(anonymous_3)
FN:19,(anonymous_4)
FNF:5
FNH:4
FNDA:0,(anonymous_0)
FNDA:2,(anonymous_1)
FNDA:1,(anonymous_2)
FNDA:1,(anonymous_3)
FNDA:1,(anonymous_4)
DA:5,2
DA:7,0
DA:8,0
DA:9,0
DA:11,0
DA:12,0
DA:16,2
DA:17,2
DA:18,2
DA:19,2
LF:10
LH:5
BRF:0
BRH:0
end_of_record
TN:
SF:C:\Users\swatkins\Documents\projects\rhv210x\src\components\App\App.js
FN:8,(anonymous_0)
FNF:1
FNH:1
FNDA:1,(anonymous_0)
DA:9,1
LF:1
LH:1
BRF:0
BRH:0
end_of_record
TN:
SF:C:\Users\swatkins\Documents\projects\rhv210x\src\reducers\humor.js
FN:13,(anonymous_0)
FN:24,(anonymous_1)
FN:26,(anonymous_2)
FN:35,(anonymous_3)
FN:44,(anonymous_4)
FNF:5
FNH:2
FNDA:1,(anonymous_0)
FNDA:0,(anonymous_1)
FNDA:0,(anonymous_2)
FNDA:0,(anonymous_3)
FNDA:1,(anonymous_4)
DA:3,1
DA:13,1
DA:15,1
DA:16,1
DA:17,1
DA:18,1
DA:20,1
DA:24,1
DA:26,1
DA:28,0
DA:29,0
DA:31,0
DA:35,1
DA:37,0
DA:38,0
DA:40,0
DA:44,1
DA:46,1
DA:55,1
DA:56,1
LF:20
LH:14
BRDA:13,0,0,0
BRDA:44,1,0,1
BRDA:56,2,0,1
BRDA:56,2,1,0
BRF:4
BRH:2
end_of_record
TN:
SF:C:\Users\swatkins\Documents\projects\rhv210x\src\utils\fetchProgrammerHumor.js
FN:5,(anonymous_0)
FNF:1
FNH:1
FNDA:3,(anonymous_0)
DA:3,4
DA:5,4
DA:7,3
DA:9,3
DA:10,2
DA:12,2
DA:16,1
LF:7
LH:7
BRF:0
BRH:0
end_of_record
TN:
SF:C:\Users\swatkins\Documents\projects\rhv210x\src\utils\parseUtils.js
FN:2,(anonymous_0)
FN:4,(anonymous_1)
FN:12,(anonymous_2)
FN:13,(anonymous_3)
FN:14,(anonymous_4)
FN:15,(anonymous_5)
FN:16,(anonymous_6)
FN:17,(anonymous_7)
FN:19,(anonymous_8)
FN:21,(anonymous_9)
FN:28,(anonymous_10)
FNF:11
FNH:9
FNDA:4,(anonymous_0)
FNDA:104,(anonymous_1)
FNDA:102,(anonymous_2)
FNDA:106,(anonymous_3)
FNDA:5,(anonymous_4)
FNDA:5,(anonymous_5)
FNDA:13,(anonymous_6)
FNDA:6,(anonymous_7)
FNDA:2,(anonymous_8)
FNDA:0,(anonymous_9)
FNDA:0,(anonymous_10)
DA:2,4
DA:4,4
DA:6,104
DA:7,104
DA:8,104
DA:12,102
DA:13,106
DA:14,5
DA:15,5
DA:16,13
DA:17,6
DA:19,4
DA:21,4
DA:23,0
DA:24,0
DA:25,0
DA:26,0
DA:28,0
DA:30,0
DA:31,0
DA:33,0
DA:34,0
DA:35,0
DA:36,0
DA:40,0
LF:25
LH:13
BRDA:7,0,0,100
BRDA:7,0,1,4
BRDA:7,1,0,104
BRDA:7,1,1,100
BRDA:12,2,0,101
BRDA:12,2,1,1
BRDA:13,3,0,5
BRDA:13,3,1,101
BRDA:16,4,0,6
BRDA:16,4,1,7
BRDA:16,5,0,13
BRDA:16,5,1,13
BRDA:16,5,2,7
BRDA:17,6,0,3
BRDA:17,6,1,3
BRF:15
BRH:15
end_of_record
