TN:
SF:C:\Users\swatkins\Documents\projects\rhv210x\src\index.js
FN:4,_interopRequireDefault
FNF:1
FNH:0
FNDA:0,_interopRequireDefault
DA:1,0
DA:2,0
DA:3,0
DA:4,0
DA:6,0
LF:5
LH:0
BRDA:4,0,0,0
BRDA:4,0,1,0
BRDA:4,1,0,0
BRDA:4,1,1,0
BRF:4
BRH:0
end_of_record
TN:
SF:C:\Users\swatkins\Documents\projects\rhv210x\src\setupTests.js
FNF:0
FNH:0
DA:4,6
LF:1
LH:1
BRF:0
BRH:0
end_of_record
TN:
SF:C:\Users\swatkins\Documents\projects\rhv210x\src\actions\actions-list.js
FNF:0
FNH:0
DA:1,3
DA:2,3
DA:3,3
DA:4,3
LF:4
LH:4
BRF:0
BRH:0
end_of_record
TN:
SF:C:\Users\swatkins\Documents\projects\rhv210x\src\actions\humor.js
FN:5,(anonymous_0)
FN:5,(anonymous_1)
FN:16,(anonymous_2)
FN:17,(anonymous_3)
FN:18,(anonymous_4)
FN:19,(anonymous_5)
FNF:6
FNH:6
FNDA:1,(anonymous_0)
FNDA:1,(anonymous_1)
FNDA:4,(anonymous_2)
FNDA:2,(anonymous_3)
FNDA:2,(anonymous_4)
FNDA:2,(anonymous_5)
DA:5,2
DA:7,1
DA:8,1
DA:9,1
DA:11,1
DA:12,1
DA:16,4
DA:17,2
DA:18,2
DA:19,2
LF:10
LH:10
BRF:0
BRH:0
end_of_record
TN:
SF:C:\Users\swatkins\Documents\projects\rhv210x\src\components\App\App.js
FN:8,(anonymous_0)
FNF:1
FNH:1
FNDA:1,(anonymous_0)
DA:9,1
LF:1
LH:1
BRF:0
BRH:0
end_of_record
TN:
SF:C:\Users\swatkins\Documents\projects\rhv210x\src\reducers\humor.js
FN:13,(anonymous_0)
FN:24,(anonymous_1)
FN:26,(anonymous_2)
FN:35,(anonymous_3)
FN:44,(anonymous_4)
FNF:5
FNH:5
FNDA:1,(anonymous_0)
FNDA:1,(anonymous_1)
FNDA:1,(anonymous_2)
FNDA:1,(anonymous_3)
FNDA:6,(anonymous_4)
DA:3,2
DA:13,2
DA:15,1
DA:16,1
DA:17,1
DA:18,1
DA:20,1
DA:24,2
DA:26,2
DA:28,1
DA:29,1
DA:31,1
DA:35,2
DA:37,1
DA:38,1
DA:40,1
DA:44,2
DA:46,6
DA:55,6
DA:56,6
LF:20
LH:20
BRDA:13,0,0,0
BRDA:44,1,0,4
BRDA:56,2,0,4
BRDA:56,2,1,2
BRF:4
BRH:3
end_of_record
TN:
SF:C:\Users\swatkins\Documents\projects\rhv210x\src\utils\fetchProgrammerHumor.js
FN:5,(anonymous_0)
FNF:1
FNH:1
FNDA:4,(anonymous_0)
DA:3,4
DA:5,4
DA:7,4
DA:9,4
DA:10,3
DA:12,3
DA:16,1
LF:7
LH:7
BRF:0
BRH:0
end_of_record
TN:
SF:C:\Users\swatkins\Documents\projects\rhv210x\src\utils\parseUtils.js
FN:2,(anonymous_0)
FN:4,(anonymous_1)
FN:12,(anonymous_2)
FN:13,(anonymous_3)
FN:14,(anonymous_4)
FN:15,(anonymous_5)
FN:16,(anonymous_6)
FN:17,(anonymous_7)
FN:19,(anonymous_8)
FN:21,(anonymous_9)
FN:28,(anonymous_10)
FNF:11
FNH:11
FNDA:6,(anonymous_0)
FNDA:156,(anonymous_1)
FNDA:152,(anonymous_2)
FNDA:158,(anonymous_3)
FNDA:57,(anonymous_4)
FNDA:57,(anonymous_5)
FNDA:117,(anonymous_6)
FNDA:58,(anonymous_7)
FNDA:53,(anonymous_8)
FNDA:3,(anonymous_9)
FNDA:51,(anonymous_10)
DA:2,6
DA:4,4
DA:6,156
DA:7,156
DA:8,156
DA:12,152
DA:13,158
DA:14,57
DA:15,57
DA:16,117
DA:17,58
DA:19,53
DA:21,4
DA:23,3
DA:24,3
DA:25,3
DA:26,3
DA:28,3
DA:30,51
DA:31,51
DA:33,51
DA:34,51
DA:35,51
DA:36,51
DA:40,3
LF:25
LH:25
BRDA:7,0,0,150
BRDA:7,0,1,6
BRDA:7,1,0,156
BRDA:7,1,1,150
BRDA:12,2,0,151
BRDA:12,2,1,1
BRDA:13,3,0,7
BRDA:13,3,1,151
BRDA:16,4,0,10
BRDA:16,4,1,107
BRDA:16,5,0,117
BRDA:16,5,1,117
BRDA:16,5,2,11
BRDA:17,6,0,5
BRDA:17,6,1,53
BRF:15
BRH:15
end_of_record
